Description:	Basic implementation of matrix-vector multiply.

Working on problem size N=1024 
Problem size N=1024 took 0.000891 seconds
Working on problem size N=1024 
Problem size N=1024 took 0.000892 seconds
Working on problem size N=2048 
Problem size N=2048 took 0.003560 seconds
Working on problem size N=4096 
Problem size N=4096 took 0.014540 seconds
Working on problem size N=8192 
Problem size N=8192 took 0.058479 seconds
Working on problem size N=16384 
Problem size N=16384 took 0.233916 seconds
Description:	Vectorized implementation of matrix-vector multiply.

Working on problem size N=1024 
Problem size N=1024 took 0.000481 seconds
Working on problem size N=1024 
Problem size N=1024 took 0.000206 seconds
Working on problem size N=2048 
Problem size N=2048 took 0.000967 seconds
Working on problem size N=4096 
Problem size N=4096 took 0.004182 seconds
Working on problem size N=8192 
Problem size N=8192 took 0.016853 seconds
Working on problem size N=16384 
Problem size N=16384 took 0.068922 seconds
Description:	Reference dgemv.

Working on problem size N=1024 
Problem size N=1024 took 0.000301 seconds
Working on problem size N=1024 
Problem size N=1024 took 0.000160 seconds
Working on problem size N=2048 
Problem size N=2048 took 0.000525 seconds
Working on problem size N=4096 
Problem size N=4096 took 0.004083 seconds
Working on problem size N=8192 
Problem size N=8192 took 0.018192 seconds
Working on problem size N=16384 
Problem size N=16384 took 0.072116 seconds
Description:	OpenMP dgemv.

Working on problem size N=1024 
Problem size N=1024 took 0.000921 seconds
Working on problem size N=1024 
Problem size N=1024 took 0.000874 seconds
Working on problem size N=2048 
Problem size N=2048 took 0.003560 seconds
Working on problem size N=4096 
Problem size N=4096 took 0.014558 seconds
Working on problem size N=8192 
Problem size N=8192 took 0.058420 seconds
Working on problem size N=16384 
Problem size N=16384 took 0.233411 seconds
Description:	OpenMP dgemv.

Working on problem size N=1024 
Problem size N=1024 took 0.000722 seconds
Working on problem size N=1024 
Problem size N=1024 took 0.000292 seconds
Working on problem size N=2048 
Problem size N=2048 took 0.001171 seconds
Working on problem size N=4096 
Problem size N=4096 took 0.004036 seconds
Working on problem size N=8192 
Problem size N=8192 took 0.015455 seconds
Working on problem size N=16384 
Problem size N=16384 took 0.061473 seconds
Description:	OpenMP dgemv.

Working on problem size N=1024 
Problem size N=1024 took 0.001962 seconds
Working on problem size N=1024 
Problem size N=1024 took 0.000246 seconds
Working on problem size N=2048 
Problem size N=2048 took 0.000354 seconds
Working on problem size N=4096 
Problem size N=4096 took 0.003245 seconds
Working on problem size N=8192 
Problem size N=8192 took 0.013104 seconds
Working on problem size N=16384 
Problem size N=16384 took 0.053475 seconds
Description:	OpenMP dgemv.

Working on problem size N=1024 
Problem size N=1024 took 0.007173 seconds
Working on problem size N=1024 
Problem size N=1024 took 0.000621 seconds
Working on problem size N=2048 
Problem size N=2048 took 0.001275 seconds
Working on problem size N=4096 
Problem size N=4096 took 0.003405 seconds
Working on problem size N=8192 
Problem size N=8192 took 0.012550 seconds
Working on problem size N=16384 
Problem size N=16384 took 0.049409 seconds
