Description:	Basic implementation of matrix-vector multiply.

Working on problem size N=1024 
Problem size N=1024 took 0.000884 seconds
Working on problem size N=1024 
Problem size N=1024 took 0.000894 seconds
Working on problem size N=2048 
Problem size N=2048 took 0.003565 seconds
Working on problem size N=4096 
Problem size N=4096 took 0.014577 seconds
Working on problem size N=8192 
Problem size N=8192 took 0.058253 seconds
Working on problem size N=16384 
Problem size N=16384 took 0.233198 seconds
Description:	Vectorized implementation of matrix-vector multiply.

Working on problem size N=1024 
Problem size N=1024 took 0.000482 seconds
Working on problem size N=1024 
Problem size N=1024 took 0.000209 seconds
Working on problem size N=2048 
Problem size N=2048 took 0.000947 seconds
Working on problem size N=4096 
Problem size N=4096 took 0.004103 seconds
Working on problem size N=8192 
Problem size N=8192 took 0.016878 seconds
Working on problem size N=16384 
Problem size N=16384 took 0.068418 seconds
Description:	OpenMP dgemv.

Working on problem size N=1024 
Problem size N=1024 took 0.000937 seconds
Working on problem size N=1024 
Problem size N=1024 took 0.000912 seconds
Working on problem size N=2048 
Problem size N=2048 took 0.003622 seconds
Working on problem size N=4096 
Problem size N=4096 took 0.014609 seconds
Working on problem size N=8192 
Problem size N=8192 took 0.058334 seconds
Working on problem size N=16384 
Problem size N=16384 took 0.233265 seconds
Description:	OpenMP dgemv.

Working on problem size N=1024 
Problem size N=1024 took 0.000955 seconds
Working on problem size N=1024 
Problem size N=1024 took 0.000466 seconds
Working on problem size N=2048 
Problem size N=2048 took 0.001643 seconds
Working on problem size N=4096 
Problem size N=4096 took 0.005577 seconds
Working on problem size N=8192 
Problem size N=8192 took 0.022068 seconds
Working on problem size N=16384 
Problem size N=16384 took 0.087270 seconds
Description:	OpenMP dgemv.

Working on problem size N=1024 
Problem size N=1024 took 0.002273 seconds
Working on problem size N=1024 
Problem size N=1024 took 0.000254 seconds
Working on problem size N=2048 
Problem size N=2048 took 0.000560 seconds
Working on problem size N=4096 
Problem size N=4096 took 0.003280 seconds
Working on problem size N=8192 
Problem size N=8192 took 0.013254 seconds
Working on problem size N=16384 
Problem size N=16384 took 0.053036 seconds
Description:	OpenMP dgemv.

Working on problem size N=1024 
Problem size N=1024 took 0.008323 seconds
Working on problem size N=1024 
Problem size N=1024 took 0.000861 seconds
Working on problem size N=2048 
Problem size N=2048 took 0.001342 seconds
Working on problem size N=4096 
Problem size N=4096 took 0.003242 seconds
Working on problem size N=8192 
Problem size N=8192 took 0.012524 seconds
Working on problem size N=16384 
Problem size N=16384 took 0.049443 seconds
