Description:	Basic implementation of matrix-vector multiply.

Working on problem size N=1024 
Problem size N=1024 took 0.000872 seconds
Working on problem size N=1024 
Problem size N=1024 took 0.000871 seconds
Working on problem size N=2048 
Problem size N=2048 took 0.003574 seconds
Working on problem size N=4096 
Problem size N=4096 took 0.014546 seconds
Working on problem size N=8192 
Problem size N=8192 took 0.058430 seconds
Working on problem size N=16384 
Problem size N=16384 took 0.234028 seconds
Description:	Vectorized implementation of matrix-vector multiply.

Working on problem size N=1024 
Problem size N=1024 took 0.000212 seconds
Working on problem size N=1024 
Problem size N=1024 took 0.000209 seconds
Working on problem size N=2048 
Problem size N=2048 took 0.000953 seconds
Working on problem size N=4096 
Problem size N=4096 took 0.004102 seconds
Working on problem size N=8192 
Problem size N=8192 took 0.016971 seconds
Working on problem size N=16384 
Problem size N=16384 took 0.069111 seconds
Description:	Reference dgemv.

Working on problem size N=1024 
Problem size N=1024 took 0.000247 seconds
Working on problem size N=1024 
Problem size N=1024 took 0.000161 seconds
Working on problem size N=2048 
Problem size N=2048 took 0.000538 seconds
Working on problem size N=4096 
Problem size N=4096 took 0.004062 seconds
Working on problem size N=8192 
Problem size N=8192 took 0.017832 seconds
Working on problem size N=16384 
Problem size N=16384 took 0.072053 seconds
Description:	OpenMP dgemv.

Working on problem size N=1024 
Problem size N=1024 took 0.000928 seconds
Working on problem size N=1024 
Problem size N=1024 took 0.000904 seconds
Working on problem size N=2048 
Problem size N=2048 took 0.003599 seconds
Working on problem size N=4096 
Problem size N=4096 took 0.014552 seconds
Working on problem size N=8192 
Problem size N=8192 took 0.058354 seconds
Working on problem size N=16384 
Problem size N=16384 took 0.233284 seconds
Description:	OpenMP dgemv.

Working on problem size N=1024 
Problem size N=1024 took 0.000839 seconds
Working on problem size N=1024 
Problem size N=1024 took 0.000456 seconds
Working on problem size N=2048 
Problem size N=2048 took 0.001668 seconds
Working on problem size N=4096 
Problem size N=4096 took 0.005793 seconds
Working on problem size N=8192 
Problem size N=8192 took 0.021999 seconds
Working on problem size N=16384 
Problem size N=16384 took 0.086412 seconds
Description:	OpenMP dgemv.

Working on problem size N=1024 
Problem size N=1024 took 0.001766 seconds
Working on problem size N=1024 
Problem size N=1024 took 0.000166 seconds
Working on problem size N=2048 
Problem size N=2048 took 0.000474 seconds
Working on problem size N=4096 
Problem size N=4096 took 0.003428 seconds
Working on problem size N=8192 
Problem size N=8192 took 0.013184 seconds
Working on problem size N=16384 
Problem size N=16384 took 0.052840 seconds
Description:	OpenMP dgemv.

Working on problem size N=1024 
Problem size N=1024 took 0.007180 seconds
Working on problem size N=1024 
Problem size N=1024 took 0.000646 seconds
Working on problem size N=2048 
Problem size N=2048 took 0.000965 seconds
Working on problem size N=4096 
Problem size N=4096 took 0.003394 seconds
Working on problem size N=8192 
Problem size N=8192 took 0.012697 seconds
Working on problem size N=16384 
Problem size N=16384 took 0.049755 seconds
