Description:	Basic implementation of matrix-vector multiply.

Working on problem size N=1024 
Problem size N=1024 took 0.000891 seconds
Working on problem size N=1024 
Problem size N=1024 took 0.000870 seconds
Working on problem size N=2048 
Problem size N=2048 took 0.003629 seconds
Working on problem size N=4096 
Problem size N=4096 took 0.014482 seconds
Working on problem size N=8192 
Problem size N=8192 took 0.058169 seconds
Working on problem size N=16384 
Problem size N=16384 took 0.233194 seconds
Description:	Vectorized implementation of matrix-vector multiply.

Working on problem size N=1024 
Problem size N=1024 took 0.000476 seconds
Working on problem size N=1024 
Problem size N=1024 took 0.000209 seconds
Working on problem size N=2048 
Problem size N=2048 took 0.000948 seconds
Working on problem size N=4096 
Problem size N=4096 took 0.004318 seconds
Working on problem size N=8192 
Problem size N=8192 took 0.016885 seconds
Working on problem size N=16384 
Problem size N=16384 took 0.068681 seconds
Description:	Reference dgemv.

Working on problem size N=1024 
Problem size N=1024 took 0.000518 seconds
Working on problem size N=1024 
Problem size N=1024 took 0.000227 seconds
Working on problem size N=2048 
Problem size N=2048 took 0.000521 seconds
Working on problem size N=4096 
Problem size N=4096 took 0.003935 seconds
Working on problem size N=8192 
Problem size N=8192 took 0.018760 seconds
Working on problem size N=16384 
Problem size N=16384 took 0.072658 seconds
Description:	OpenMP dgemv.

Working on problem size N=1024 
Problem size N=1024 took 0.000903 seconds
Working on problem size N=1024 
Problem size N=1024 took 0.000901 seconds
Working on problem size N=2048 
Problem size N=2048 took 0.003572 seconds
Working on problem size N=4096 
Problem size N=4096 took 0.014531 seconds
Working on problem size N=8192 
Problem size N=8192 took 0.058538 seconds
Working on problem size N=16384 
Problem size N=16384 took 0.233058 seconds
Description:	OpenMP dgemv.

Working on problem size N=1024 
Problem size N=1024 took 0.000832 seconds
Working on problem size N=1024 
Problem size N=1024 took 0.000307 seconds
Working on problem size N=2048 
Problem size N=2048 took 0.001089 seconds
Working on problem size N=4096 
Problem size N=4096 took 0.003999 seconds
Working on problem size N=8192 
Problem size N=8192 took 0.015402 seconds
Working on problem size N=16384 
Problem size N=16384 took 0.061201 seconds
Description:	OpenMP dgemv.

Working on problem size N=1024 
Problem size N=1024 took 0.002019 seconds
Working on problem size N=1024 
Problem size N=1024 took 0.000319 seconds
Working on problem size N=2048 
Problem size N=2048 took 0.000325 seconds
Working on problem size N=4096 
Problem size N=4096 took 0.003231 seconds
Working on problem size N=8192 
Problem size N=8192 took 0.013130 seconds
Working on problem size N=16384 
Problem size N=16384 took 0.052550 seconds
Description:	OpenMP dgemv.

Working on problem size N=1024 
Problem size N=1024 took 0.007428 seconds
Working on problem size N=1024 
Problem size N=1024 took 0.000651 seconds
Working on problem size N=2048 
Problem size N=2048 took 0.001044 seconds
Working on problem size N=4096 
Problem size N=4096 took 0.003327 seconds
Working on problem size N=8192 
Problem size N=8192 took 0.012523 seconds
Working on problem size N=16384 
Problem size N=16384 took 0.049359 seconds
